GAS LISTING /tmp/ccnBhV5R.s 			page 1


   1              		.file	"main.c"
   2              		.option nopic
   3              		.option norelax
   4              		.text
   5              	.Ltext0:
   6              		.cfi_sections	.debug_frame
   7              		.align	2
   8              		.globl	main
  10              	main:
  11              	.LFB0:
  12              		.file 1 "src/main.c"
   1:src/main.c    **** //
   2:src/main.c    **** // Created by os on 11/20/23.
   3:src/main.c    **** //
   4:src/main.c    **** 
   5:src/main.c    **** void main (){
  13              		.loc 1 5 13
  14              		.cfi_startproc
  15 0000 130101FF 		addi	sp,sp,-16
  16              		.cfi_def_cfa_offset 16
  17 0004 23348100 		sd	s0,8(sp)
  18              		.cfi_offset 8, -8
  19 0008 13040101 		addi	s0,sp,16
  20              		.cfi_def_cfa 8, 0
   6:src/main.c    **** 
   7:src/main.c    **** }...
  21              		.loc 1 7 1
  22 000c 03348100 		ld	s0,8(sp)
  23              		.cfi_restore 8
  24              		.cfi_def_cfa 2, 16
  25 0010 13010101 		addi	sp,sp,16
  26              		.cfi_def_cfa_offset 0
  27 0014 67800000 		jr	ra
  28              		.cfi_endproc
  29              	.LFE0:
  31              	.Letext0:
GAS LISTING /tmp/ccnBhV5R.s 			page 2


DEFINED SYMBOLS
                            *ABS*:0000000000000000 main.c
     /tmp/ccnBhV5R.s:10     .text:0000000000000000 main
     /tmp/ccnBhV5R.s:14     .text:0000000000000000 .L0 
     /tmp/ccnBhV5R.s:15     .text:0000000000000000 .L0 
     /tmp/ccnBhV5R.s:16     .text:0000000000000004 .L0 
     /tmp/ccnBhV5R.s:18     .text:0000000000000008 .L0 
     /tmp/ccnBhV5R.s:20     .text:000000000000000c .L0 
     /tmp/ccnBhV5R.s:22     .text:000000000000000c .L0 
     /tmp/ccnBhV5R.s:23     .text:0000000000000010 .L0 
     /tmp/ccnBhV5R.s:24     .text:0000000000000010 .L0 
     /tmp/ccnBhV5R.s:26     .text:0000000000000014 .L0 
     /tmp/ccnBhV5R.s:28     .text:0000000000000018 .L0 
     /tmp/ccnBhV5R.s:32     .text:0000000000000018 .L0 
                     .debug_frame:0000000000000000 .L0 
     /tmp/ccnBhV5R.s:57     .debug_abbrev:0000000000000000 .Ldebug_abbrev0
     /tmp/ccnBhV5R.s:116    .debug_str:0000000000000000 .LASF0
     /tmp/ccnBhV5R.s:120    .debug_str:00000000000000c1 .LASF1
     /tmp/ccnBhV5R.s:118    .debug_str:000000000000009e .LASF2
     /tmp/ccnBhV5R.s:5      .text:0000000000000000 .Ltext0
     /tmp/ccnBhV5R.s:31     .text:0000000000000018 .Letext0
     /tmp/ccnBhV5R.s:114    .debug_line:0000000000000000 .Ldebug_line0
     /tmp/ccnBhV5R.s:122    .debug_str:00000000000000cc .LASF3
     /tmp/ccnBhV5R.s:11     .text:0000000000000000 .LFB0
     /tmp/ccnBhV5R.s:29     .text:0000000000000018 .LFE0
     /tmp/ccnBhV5R.s:33     .debug_info:0000000000000000 .Ldebug_info0

NO UNDEFINED SYMBOLS
